<?xml version="1.0" encoding="UTF-8"?>
<!-- Generated by org.testng.reporters.JUnitXMLReporter -->
<testsuite ignored="0" hostname="LAPTOP-KRRF1NGI" failures="0" tests="4" name="Test" time="0.078" errors="0" timestamp="2022-11-01T21:31:46 IST">
  <testcase classname="Com.sauceDemo.TestPackage.TestBaseClass" name="@BeforeMethod setUp" time="-1.667318506273E9">
    <failure type="org.testng.TestNGException" message="
Parameter &amp;apos;NameOfBrowser&amp;apos; is required by BeforeMethod on method setUp but has not been marked @Optional or defined
in C:\Users\user\eclipse-workspace\sauceDemoProject\SauceDemo.xml">
      <![CDATA[org.testng.TestNGException: 
Parameter 'NameOfBrowser' is required by BeforeMethod on method setUp but has not been marked @Optional or defined
in C:\Users\user\eclipse-workspace\sauceDemoProject\SauceDemo.xml
at java.base/java.util.ArrayList.forEach(ArrayList.java:1511)
... Removed 28 stack frames]]>
    </failure>
  </testcase> <!-- @BeforeMethod setUp -->
  <testcase classname="Com.sauceDemo.TestPackage.TestBaseClass" name="@AfterMethod tearDown" time="-1.667318506292E9">
    <skipped/>
  </testcase> <!-- @AfterMethod tearDown -->
  <testcase classname="Com.sauceDemo.TestPackage.TestBaseClass" name="@BeforeMethod setUp" time="-1.667318506296E9">
    <failure type="org.testng.TestNGException" message="
Parameter &amp;apos;NameOfBrowser&amp;apos; is required by BeforeMethod on method setUp but has not been marked @Optional or defined
in C:\Users\user\eclipse-workspace\sauceDemoProject\SauceDemo.xml">
      <![CDATA[org.testng.TestNGException: 
Parameter 'NameOfBrowser' is required by BeforeMethod on method setUp but has not been marked @Optional or defined
in C:\Users\user\eclipse-workspace\sauceDemoProject\SauceDemo.xml
at java.base/java.util.ArrayList.forEach(ArrayList.java:1511)
... Removed 28 stack frames]]>
    </failure>
  </testcase> <!-- @BeforeMethod setUp -->
  <testcase classname="Com.sauceDemo.TestPackage.TestBaseClass" name="@AfterMethod tearDown" time="-1.667318506301E9">
    <skipped/>
  </testcase> <!-- @AfterMethod tearDown -->
  <testcase classname="Com.sauceDemo.TestPackage.TestBaseClass" name="@BeforeMethod setUp" time="-1.667318506303E9">
    <failure type="org.testng.TestNGException" message="
Parameter &amp;apos;NameOfBrowser&amp;apos; is required by BeforeMethod on method setUp but has not been marked @Optional or defined
in C:\Users\user\eclipse-workspace\sauceDemoProject\SauceDemo.xml">
      <![CDATA[org.testng.TestNGException: 
Parameter 'NameOfBrowser' is required by BeforeMethod on method setUp but has not been marked @Optional or defined
in C:\Users\user\eclipse-workspace\sauceDemoProject\SauceDemo.xml
at java.base/java.util.ArrayList.forEach(ArrayList.java:1511)
... Removed 28 stack frames]]>
    </failure>
  </testcase> <!-- @BeforeMethod setUp -->
  <testcase classname="Com.sauceDemo.TestPackage.TestBaseClass" name="@AfterMethod tearDown" time="-1.667318506307E9">
    <skipped/>
  </testcase> <!-- @AfterMethod tearDown -->
  <testcase classname="Com.sauceDemo.TestPackage.TestBaseClass" name="@BeforeMethod setUp" time="-1.667318506308E9">
    <failure type="org.testng.TestNGException" message="
Parameter &amp;apos;NameOfBrowser&amp;apos; is required by BeforeMethod on method setUp but has not been marked @Optional or defined
in C:\Users\user\eclipse-workspace\sauceDemoProject\SauceDemo.xml">
      <![CDATA[org.testng.TestNGException: 
Parameter 'NameOfBrowser' is required by BeforeMethod on method setUp but has not been marked @Optional or defined
in C:\Users\user\eclipse-workspace\sauceDemoProject\SauceDemo.xml
at java.base/java.util.ArrayList.forEach(ArrayList.java:1511)
... Removed 28 stack frames]]>
    </failure>
  </testcase> <!-- @BeforeMethod setUp -->
  <testcase classname="Com.sauceDemo.TestPackage.TestBaseClass" name="@AfterMethod tearDown" time="-1.667318506314E9">
    <skipped/>
  </testcase> <!-- @AfterMethod tearDown -->
  <testcase classname="Com.sauceDemo.TestPackage.TC04_VerifyAllProductsAddToCartFunctionality" name="verifyAllProductsAddToCart" time="0.0">
    <skipped/>
  </testcase> <!-- verifyAllProductsAddToCart -->
  <testcase classname="Com.sauceDemo.TestPackage.TC03_Verify_BagProduct_AddToCart_Functionality" name="verifyBagProductAddToCart" time="0.0">
    <skipped/>
  </testcase> <!-- verifyBagProductAddToCart -->
  <testcase classname="Com.sauceDemo.TestPackage.TC02_VerifyLogOutFunctionality" name="verifyLogOut" time="0.0">
    <skipped/>
  </testcase> <!-- verifyLogOut -->
  <testcase classname="Com.sauceDemo.TestPackage.TC01_VerifyLoginFunctionality" name="verifyLogin" time="0.0">
    <skipped/>
  </testcase> <!-- verifyLogin -->
</testsuite> <!-- Test -->
